<?xml version="1.0" encoding="UTF-8"?>
<!-- Generated by org.testng.reporters.JUnitXMLReporter -->
<testsuite hostname="NETANELAD-LAP-HZ" ignored="0" name="Default test" tests="3" failures="0" timestamp="2020-11-05T15:00:25 IST" time="10.148" errors="0">
  <testcase name="testCartForProduct" time="4.284" classname="tests.Test007"/>
  <testcase name="testCartForSize" time="0.023" classname="tests.Test007"/>
  <testcase name="testCartForQuantity" time="0.035" classname="tests.Test007"/>
</testsuite> <!-- Default test -->
