<?xml version="1.0" encoding="UTF-8"?>
<!-- Generated by org.testng.reporters.JUnitXMLReporter -->
<testsuite hostname="NETANELAD-LAP-HZ" ignored="10" name="TestAll" tests="20" failures="0" timestamp="2020-11-05T14:25:26 IST" time="135.142" errors="0">
  <testcase name="testRegisterToNewsletter" time="4.466" classname="tests.Test002"/>
  <testcase name="testDisscount" time="1.355" classname="tests.Test006"/>
  <testcase name="testCartForProduct" time="3.564" classname="tests.Test007"/>
  <testcase name="testCartForSize" time="0.022" classname="tests.Test007"/>
  <testcase name="testCartForQuantity" time="0.028" classname="tests.Test007"/>
  <testcase name="testCartForQuantity" time="2.757" classname="tests.Test008"/>
  <testcase name="testCartUpdate" time="1.418" classname="tests.Test008"/>
  <testcase name="testCheckOut" time="13.757" classname="tests.Test008"/>
  <testcase name="testRemoveProduct" time="1.51" classname="tests.Test008"/>
  <testcase name="testEmailOrMobile" time="9.453" classname="tests.Test009"/>
  <testcase name="testState" time="2.288" classname="tests.Test009"/>
  <testcase name="testFirstName" time="8.892" classname="tests.Test009"/>
  <testcase name="testLastName" time="2.758" classname="tests.Test009"/>
  <testcase name="testAddress" time="7.357" classname="tests.Test009"/>
  <testcase name="testCity" time="2.717" classname="tests.Test009"/>
  <testcase name="testZIPCode" time="3.903" classname="tests.Test009"/>
  <testcase name="testRefundPolicy" time="30.155" classname="tests.Test010"/>
  <testcase name="testShippingPolicy" time="0.805" classname="tests.Test010"/>
  <testcase name="testPrivacyPolicy" time="0.026" classname="tests.Test010"/>
  <testcase name="testTermsOfService" time="0.962" classname="tests.Test010"/>
  <testcase name="testProductView" time="0.0" classname="tests.Test001">
    <ignored/>
  </testcase> <!-- testProductView -->
  <testcase name="testEmailOnly" time="0.0" classname="tests.Test004">
    <ignored/>
  </testcase> <!-- testEmailOnly -->
  <testcase name="testExtendMoreConformerOrthotics" time="0.0" classname="tests.Test003">
    <ignored/>
  </testcase> <!-- testExtendMoreConformerOrthotics -->
  <testcase name="testExtendMoreCatagories2" time="0.0" classname="tests.Test003">
    <ignored/>
  </testcase> <!-- testExtendMoreCatagories2 -->
  <testcase name="testExtendMoreCatagories1" time="0.0" classname="tests.Test003">
    <ignored/>
  </testcase> <!-- testExtendMoreCatagories1 -->
  <testcase name="testExtendMoreHeelixFoot" time="0.0" classname="tests.Test003">
    <ignored/>
  </testcase> <!-- testExtendMoreHeelixFoot -->
  <testcase name="testPasswordOnly" time="0.0" classname="tests.Test004">
    <ignored/>
  </testcase> <!-- testPasswordOnly -->
  <testcase name="testSearchBar" time="0.0" classname="tests.Test005">
    <ignored/>
  </testcase> <!-- testSearchBar -->
  <testcase name="testCategoryView" time="0.0" classname="tests.Test001">
    <ignored/>
  </testcase> <!-- testCategoryView -->
  <testcase name="testExtendMoreAppleBrand" time="0.0" classname="tests.Test003">
    <ignored/>
  </testcase> <!-- testExtendMoreAppleBrand -->
</testsuite> <!-- TestAll -->
